<?xml version="1.0" encoding="UTF-8"?>
<!-- Generated by org.testng.reporters.JUnitReportReporter -->
<testsuite hostname="DESKTOP-A0PA6AD" failures="0" tests="3" name="scrips.tc1" time="38.231" errors="0" timestamp="2022-12-11T20:35:45 IST" skipped="0">
  <testcase classname="scrips.tc1" name="demo" time="5.572"/>
  <system-out/>
  <testcase classname="scrips.tc1" name="demo" time="4.291"/>
  <system-out/>
  <testcase classname="scrips.tc1" name="demo" time="28.368"/>
  <system-out/>
</testsuite> <!-- scrips.tc1 -->
