<?xml version="1.0" encoding="UTF-8"?>
<!-- Generated by org.testng.reporters.JUnitReportReporter -->
<testsuite hostname="DESKTOP-A0PA6AD" failures="0" tests="1" name="scrips.tesycase2" time="35.010" errors="0" timestamp="2022-12-13T12:35:58 IST" skipped="0">
  <testcase classname="scrips.tesycase2" name="tc2" time="35.010"/>
  <system-out/>
</testsuite> <!-- scrips.tesycase2 -->
