<?xml version="1.0" encoding="UTF-8"?>
<!-- Generated by org.testng.reporters.JUnitReportReporter -->
<testsuite hostname="DESKTOP-A0PA6AD" failures="0" tests="4" name="scrips.test2" time="29.541" errors="0" timestamp="2022-12-16T11:14:12 IST" skipped="0">
  <testcase classname="scrips.test2" name="tc5" time="7.910"/>
  <system-out/>
  <testcase classname="scrips.test2" name="tc5" time="7.337"/>
  <system-out/>
  <testcase classname="scrips.test2" name="tc5" time="7.288"/>
  <system-out/>
  <testcase classname="scrips.test2" name="tc5" time="7.006"/>
  <system-out/>
</testsuite> <!-- scrips.test2 -->
