<?xml version="1.0" encoding="UTF-8"?>
<!-- Generated by org.testng.reporters.JUnitReportReporter -->
<testsuite hostname="DESKTOP-A0PA6AD" failures="0" tests="1" name="scrips.test1" time="6.867" errors="0" timestamp="2022-12-16T11:14:12 IST" skipped="0">
  <testcase classname="scrips.test1" name="tc1" time="6.867"/>
  <system-out/>
</testsuite> <!-- scrips.test1 -->
